<?xml version="1.0" encoding="UTF-8"?>
<!-- Generated by org.testng.reporters.JUnitReportReporter -->
<testsuite skipped="0" hostname="DESKTOP-4R7KFJ2" name="com.app.tests.APiDay3_JsonPath" tests="1" failures="0" timestamp="21 Apr 2018 17:15:17 GMT" time="2.592" errors="0">
  <testcase name="testWithPathParameters" time="2.592" classname="com.app.tests.APiDay3_JsonPath"/>
</testsuite> <!-- com.app.tests.APiDay3_JsonPath -->
