<?xml version="1.0" encoding="UTF-8"?>
<!-- Generated by org.testng.reporters.JUnitReportReporter -->
<testsuite skipped="0" hostname="DESKTOP-4R7KFJ2" name="com.app.tests.HRRestAPIGetRequests" tests="1" failures="0" timestamp="19 Apr 2018 01:48:52 GMT" time="4.014" errors="0">
  <testcase name="verifyFirstName" time="4.014" classname="com.app.tests.HRRestAPIGetRequests"/>
</testsuite> <!-- com.app.tests.HRRestAPIGetRequests -->
