<?xml version="1.0" encoding="UTF-8"?>
<!-- Generated by org.testng.reporters.JUnitReportReporter -->
<testsuite skipped="0" hostname="DESKTOP-4R7KFJ2" name="com.app.tests.BasicDataDrivenTest" tests="1" failures="0" timestamp="29 Mar 2018 01:26:00 GMT" time="27.100" errors="0">
  <testcase name="dataDrivenMileageCalculatorTest" time="27.100" classname="com.app.tests.BasicDataDrivenTest"/>
</testsuite> <!-- com.app.tests.BasicDataDrivenTest -->
