<?xml version="1.0" encoding="UTF-8"?>
<!-- Generated by org.testng.reporters.JUnitReportReporter -->
<testsuite skipped="0" hostname="DESKTOP-4R7KFJ2" name="com.app.tests.JDBCConnection" tests="2" failures="0" timestamp="16 Apr 2018 16:13:45 GMT" time="1.132" errors="0">
  <testcase name="jdbcMetaData" time="0.680" classname="com.app.tests.JDBCConnection"/>
  <testcase name="oracleJDBC" time="0.452" classname="com.app.tests.JDBCConnection"/>
</testsuite> <!-- com.app.tests.JDBCConnection -->
